*** Using Compiler 'V5.06 update 4 (build 422)', folder: 'D:\software\MDK5\ARM\ARMCC\Bin'
Build target 'test'
assembling startup_stm32f103xe.s...
compiling fsmc.c...
compiling malloc.c...
compiling gpio.c...
compiling main.c...
compiling can.c...
compiling usart.c...
compiling stm32f1xx_it.c...
compiling stm32f1xx_hal_gpio_ex.c...
compiling rtc.c...
compiling tim.c...
compiling stm32f1xx_hal_msp.c...
compiling stm32f1xx_hal_pwr.c...
compiling stm32f1xx_hal_flash_ex.c...
compiling stm32f1xx_hal_dma.c...
compiling stm32f1xx_hal_flash.c...
compiling stm32f1xx_hal_rcc.c...
compiling stm32f1xx_hal.c...
compiling i2c.c...
compiling stm32f1xx_hal_can.c...
compiling stm32f1xx_hal_exti.c...
compiling stm32f1xx_hal_rcc_ex.c...
compiling stm32f1xx_hal_gpio.c...
compiling stm32f1xx_ll_fsmc.c...
compiling EEPROM.c...
compiling stm32f1xx_hal_cortex.c...
compiling stm32f1xx_hal_rtc_ex.c...
compiling stm32f1xx_hal_uart.c...
compiling Beep.c...
compiling stm32f1xx_hal_sram.c...
compiling system_stm32f1xx.c...
compiling Key.c...
compiling stm32f1xx_hal_rtc.c...
compiling stm32f1xx_hal_tim_ex.c...
compiling stm32f1xx_hal_tim.c...
compiling Delay.c...
compiling OLEDLAB.c...
compiling Process.c...
compiling OLED.c...
compiling Led.c...
compiling Tools.c...
compiling ServoControl.c...
compiling UsartManage.c...
compiling SteppingMotorControl.c...
linking...
test\test.axf: Error: L6218E: Undefined symbol createMenu (referred from main.o).
test\test.axf: Error: L6218E: Undefined symbol mainMenAction (referred from main.o).
test\test.axf: Error: L6218E: Undefined symbol showMenu (referred from main.o).
test\test.axf: Error: L6218E: Undefined symbol showMenuer (referred from main.o).
Not enough information to list image symbols.
Finished: 1 information, 0 warning and 4 error messages.
"test\test.axf" - 4 Error(s), 0 Warning(s).
Target not created.
Build Time Elapsed:  00:00:21
